<?xml version="1.0" encoding="UTF-8"?>
<!-- Generated by org.testng.reporters.JUnitReportReporter -->
<testsuite hostname="LPDEV01" failures="0" tests="4" name="mainPackage.RunnerClass" time="227.143" errors="0" timestamp="2024-03-14T14:57:20 IST" skipped="0">
  <testcase classname="mainPackage.RunnerClass" name="testMethod" time="61.114"/>
  <system-out/>
  <testcase classname="mainPackage.RunnerClass" name="testMethod" time="54.866"/>
  <system-out/>
  <testcase classname="mainPackage.RunnerClass" name="testMethod" time="55.338"/>
  <system-out/>
  <testcase classname="mainPackage.RunnerClass" name="testMethod" time="55.825"/>
  <system-out/>
</testsuite> <!-- mainPackage.RunnerClass -->
