<?xml version="1.0" encoding="UTF-8"?>
<!-- Generated by org.testng.reporters.JUnitReportReporter -->
<testsuite hostname="LPDEV01" failures="0" tests="100" name="mainPackage.RunnerClass" time="4721.957" errors="0" timestamp="2024-03-13T15:14:26 IST" skipped="0">
  <testcase classname="mainPackage.RunnerClass" name="testMethod" time="47.758"/>
  <system-out/>
  <testcase classname="mainPackage.RunnerClass" name="testMethod" time="46.211"/>
  <system-out/>
  <testcase classname="mainPackage.RunnerClass" name="testMethod" time="48.310"/>
  <system-out/>
  <testcase classname="mainPackage.RunnerClass" name="testMethod" time="47.337"/>
  <system-out/>
  <testcase classname="mainPackage.RunnerClass" name="testMethod" time="49.745"/>
  <system-out/>
  <testcase classname="mainPackage.RunnerClass" name="testMethod" time="45.526"/>
  <system-out/>
  <testcase classname="mainPackage.RunnerClass" name="testMethod" time="47.339"/>
  <system-out/>
  <testcase classname="mainPackage.RunnerClass" name="testMethod" time="46.595"/>
  <system-out/>
  <testcase classname="mainPackage.RunnerClass" name="testMethod" time="47.125"/>
  <system-out/>
  <testcase classname="mainPackage.RunnerClass" name="testMethod" time="47.309"/>
  <system-out/>
  <testcase classname="mainPackage.RunnerClass" name="testMethod" time="49.326"/>
  <system-out/>
  <testcase classname="mainPackage.RunnerClass" name="testMethod" time="49.751"/>
  <system-out/>
  <testcase classname="mainPackage.RunnerClass" name="testMethod" time="49.117"/>
  <system-out/>
  <testcase classname="mainPackage.RunnerClass" name="testMethod" time="33.640"/>
  <system-out/>
  <testcase classname="mainPackage.RunnerClass" name="testMethod" time="47.010"/>
  <system-out/>
  <testcase classname="mainPackage.RunnerClass" name="testMethod" time="48.016"/>
  <system-out/>
  <testcase classname="mainPackage.RunnerClass" name="testMethod" time="48.628"/>
  <system-out/>
  <testcase classname="mainPackage.RunnerClass" name="testMethod" time="48.437"/>
  <system-out/>
  <testcase classname="mainPackage.RunnerClass" name="testMethod" time="50.035"/>
  <system-out/>
  <testcase classname="mainPackage.RunnerClass" name="testMethod" time="46.614"/>
  <system-out/>
  <testcase classname="mainPackage.RunnerClass" name="testMethod" time="46.421"/>
  <system-out/>
  <testcase classname="mainPackage.RunnerClass" name="testMethod" time="48.148"/>
  <system-out/>
  <testcase classname="mainPackage.RunnerClass" name="testMethod" time="46.269"/>
  <system-out/>
  <testcase classname="mainPackage.RunnerClass" name="testMethod" time="46.930"/>
  <system-out/>
  <testcase classname="mainPackage.RunnerClass" name="testMethod" time="49.910"/>
  <system-out/>
  <testcase classname="mainPackage.RunnerClass" name="testMethod" time="48.071"/>
  <system-out/>
  <testcase classname="mainPackage.RunnerClass" name="testMethod" time="48.031"/>
  <system-out/>
  <testcase classname="mainPackage.RunnerClass" name="testMethod" time="30.638"/>
  <system-out/>
  <testcase classname="mainPackage.RunnerClass" name="testMethod" time="47.508"/>
  <system-out/>
  <testcase classname="mainPackage.RunnerClass" name="testMethod" time="52.697"/>
  <system-out/>
  <testcase classname="mainPackage.RunnerClass" name="testMethod" time="45.776"/>
  <system-out/>
  <testcase classname="mainPackage.RunnerClass" name="testMethod" time="47.565"/>
  <system-out/>
  <testcase classname="mainPackage.RunnerClass" name="testMethod" time="46.740"/>
  <system-out/>
  <testcase classname="mainPackage.RunnerClass" name="testMethod" time="48.818"/>
  <system-out/>
  <testcase classname="mainPackage.RunnerClass" name="testMethod" time="45.551"/>
  <system-out/>
  <testcase classname="mainPackage.RunnerClass" name="testMethod" time="32.541"/>
  <system-out/>
  <testcase classname="mainPackage.RunnerClass" name="testMethod" time="50.441"/>
  <system-out/>
  <testcase classname="mainPackage.RunnerClass" name="testMethod" time="49.052"/>
  <system-out/>
  <testcase classname="mainPackage.RunnerClass" name="testMethod" time="46.841"/>
  <system-out/>
  <testcase classname="mainPackage.RunnerClass" name="testMethod" time="45.830"/>
  <system-out/>
  <testcase classname="mainPackage.RunnerClass" name="testMethod" time="45.522"/>
  <system-out/>
  <testcase classname="mainPackage.RunnerClass" name="testMethod" time="48.729"/>
  <system-out/>
  <testcase classname="mainPackage.RunnerClass" name="testMethod" time="48.634"/>
  <system-out/>
  <testcase classname="mainPackage.RunnerClass" name="testMethod" time="47.596"/>
  <system-out/>
  <testcase classname="mainPackage.RunnerClass" name="testMethod" time="48.153"/>
  <system-out/>
  <testcase classname="mainPackage.RunnerClass" name="testMethod" time="45.125"/>
  <system-out/>
  <testcase classname="mainPackage.RunnerClass" name="testMethod" time="47.954"/>
  <system-out/>
  <testcase classname="mainPackage.RunnerClass" name="testMethod" time="47.426"/>
  <system-out/>
  <testcase classname="mainPackage.RunnerClass" name="testMethod" time="46.696"/>
  <system-out/>
  <testcase classname="mainPackage.RunnerClass" name="testMethod" time="54.552"/>
  <system-out/>
  <testcase classname="mainPackage.RunnerClass" name="testMethod" time="47.380"/>
  <system-out/>
  <testcase classname="mainPackage.RunnerClass" name="testMethod" time="47.331"/>
  <system-out/>
  <testcase classname="mainPackage.RunnerClass" name="testMethod" time="48.237"/>
  <system-out/>
  <testcase classname="mainPackage.RunnerClass" name="testMethod" time="48.416"/>
  <system-out/>
  <testcase classname="mainPackage.RunnerClass" name="testMethod" time="46.032"/>
  <system-out/>
  <testcase classname="mainPackage.RunnerClass" name="testMethod" time="48.232"/>
  <system-out/>
  <testcase classname="mainPackage.RunnerClass" name="testMethod" time="51.301"/>
  <system-out/>
  <testcase classname="mainPackage.RunnerClass" name="testMethod" time="50.269"/>
  <system-out/>
  <testcase classname="mainPackage.RunnerClass" name="testMethod" time="48.974"/>
  <system-out/>
  <testcase classname="mainPackage.RunnerClass" name="testMethod" time="48.329"/>
  <system-out/>
  <testcase classname="mainPackage.RunnerClass" name="testMethod" time="47.664"/>
  <system-out/>
  <testcase classname="mainPackage.RunnerClass" name="testMethod" time="48.318"/>
  <system-out/>
  <testcase classname="mainPackage.RunnerClass" name="testMethod" time="47.469"/>
  <system-out/>
  <testcase classname="mainPackage.RunnerClass" name="testMethod" time="32.091"/>
  <system-out/>
  <testcase classname="mainPackage.RunnerClass" name="testMethod" time="47.666"/>
  <system-out/>
  <testcase classname="mainPackage.RunnerClass" name="testMethod" time="48.980"/>
  <system-out/>
  <testcase classname="mainPackage.RunnerClass" name="testMethod" time="46.604"/>
  <system-out/>
  <testcase classname="mainPackage.RunnerClass" name="testMethod" time="49.165"/>
  <system-out/>
  <testcase classname="mainPackage.RunnerClass" name="testMethod" time="45.631"/>
  <system-out/>
  <testcase classname="mainPackage.RunnerClass" name="testMethod" time="49.623"/>
  <system-out/>
  <testcase classname="mainPackage.RunnerClass" name="testMethod" time="49.729"/>
  <system-out/>
  <testcase classname="mainPackage.RunnerClass" name="testMethod" time="48.432"/>
  <system-out/>
  <testcase classname="mainPackage.RunnerClass" name="testMethod" time="47.408"/>
  <system-out/>
  <testcase classname="mainPackage.RunnerClass" name="testMethod" time="48.802"/>
  <system-out/>
  <testcase classname="mainPackage.RunnerClass" name="testMethod" time="46.741"/>
  <system-out/>
  <testcase classname="mainPackage.RunnerClass" name="testMethod" time="46.417"/>
  <system-out/>
  <testcase classname="mainPackage.RunnerClass" name="testMethod" time="48.479"/>
  <system-out/>
  <testcase classname="mainPackage.RunnerClass" name="testMethod" time="49.171"/>
  <system-out/>
  <testcase classname="mainPackage.RunnerClass" name="testMethod" time="48.818"/>
  <system-out/>
  <testcase classname="mainPackage.RunnerClass" name="testMethod" time="33.017"/>
  <system-out/>
  <testcase classname="mainPackage.RunnerClass" name="testMethod" time="34.642"/>
  <system-out/>
  <testcase classname="mainPackage.RunnerClass" name="testMethod" time="46.694"/>
  <system-out/>
  <testcase classname="mainPackage.RunnerClass" name="testMethod" time="47.142"/>
  <system-out/>
  <testcase classname="mainPackage.RunnerClass" name="testMethod" time="48.731"/>
  <system-out/>
  <testcase classname="mainPackage.RunnerClass" name="testMethod" time="49.684"/>
  <system-out/>
  <testcase classname="mainPackage.RunnerClass" name="testMethod" time="50.983"/>
  <system-out/>
  <testcase classname="mainPackage.RunnerClass" name="testMethod" time="47.326"/>
  <system-out/>
  <testcase classname="mainPackage.RunnerClass" name="testMethod" time="48.921"/>
  <system-out/>
  <testcase classname="mainPackage.RunnerClass" name="testMethod" time="44.532"/>
  <system-out/>
  <testcase classname="mainPackage.RunnerClass" name="testMethod" time="49.574"/>
  <system-out/>
  <testcase classname="mainPackage.RunnerClass" name="testMethod" time="51.918"/>
  <system-out/>
  <testcase classname="mainPackage.RunnerClass" name="testMethod" time="48.211"/>
  <system-out/>
  <testcase classname="mainPackage.RunnerClass" name="testMethod" time="48.204"/>
  <system-out/>
  <testcase classname="mainPackage.RunnerClass" name="testMethod" time="48.878"/>
  <system-out/>
  <testcase classname="mainPackage.RunnerClass" name="testMethod" time="51.629"/>
  <system-out/>
  <testcase classname="mainPackage.RunnerClass" name="testMethod" time="49.182"/>
  <system-out/>
  <testcase classname="mainPackage.RunnerClass" name="testMethod" time="46.798"/>
  <system-out/>
  <testcase classname="mainPackage.RunnerClass" name="testMethod" time="49.710"/>
  <system-out/>
  <testcase classname="mainPackage.RunnerClass" name="testMethod" time="48.623"/>
  <system-out/>
  <testcase classname="mainPackage.RunnerClass" name="testMethod" time="47.855"/>
  <system-out/>
</testsuite> <!-- mainPackage.RunnerClass -->
